-------------------------------------------------------------------------------
Test set: com.inicio.back_end.controller.AutenticacaoControllerTest
-------------------------------------------------------------------------------
Tests run: 7, Failures: 2, Errors: 0, Skipped: 0, Time elapsed: 4.994 s <<< FAILURE! -- in com.inicio.back_end.controller.AutenticacaoControllerTest
com.inicio.back_end.controller.AutenticacaoControllerTest.deveRetornarErroParaDadosInvalidos -- Time elapsed: 0.172 s <<< FAILURE!
java.lang.AssertionError: Status expected:<400> but was:<500>
	at org.springframework.test.util.AssertionErrors.fail(AssertionErrors.java:61)
	at org.springframework.test.util.AssertionErrors.assertEquals(AssertionErrors.java:128)
	at org.springframework.test.web.servlet.result.StatusResultMatchers.lambda$matcher$9(StatusResultMatchers.java:640)
	at org.springframework.test.web.servlet.MockMvc$1.andExpect(MockMvc.java:214)
	at com.inicio.back_end.controller.AutenticacaoControllerTest.deveRetornarErroParaDadosInvalidos(AutenticacaoControllerTest.java:128)
	at java.base/java.lang.reflect.Method.invoke(Method.java:580)
	at java.base/java.util.ArrayList.forEach(ArrayList.java:1597)
	at java.base/java.util.ArrayList.forEach(ArrayList.java:1597)

com.inicio.back_end.controller.AutenticacaoControllerTest.deveAceitarApenasPostRequests -- Time elapsed: 0.009 s <<< FAILURE!
java.lang.AssertionError: Status expected:<405> but was:<403>
	at org.springframework.test.util.AssertionErrors.fail(AssertionErrors.java:61)
	at org.springframework.test.util.AssertionErrors.assertEquals(AssertionErrors.java:128)
	at org.springframework.test.web.servlet.result.StatusResultMatchers.lambda$matcher$9(StatusResultMatchers.java:640)
	at org.springframework.test.web.servlet.MockMvc$1.andExpect(MockMvc.java:214)
	at com.inicio.back_end.controller.AutenticacaoControllerTest.deveAceitarApenasPostRequests(AutenticacaoControllerTest.java:172)
	at java.base/java.lang.reflect.Method.invoke(Method.java:580)
	at java.base/java.util.ArrayList.forEach(ArrayList.java:1597)
	at java.base/java.util.ArrayList.forEach(ArrayList.java:1597)

