-------------------------------------------------------------------------------
Test set: com.inicio.back_end.controller.UsuarioControllerTest
-------------------------------------------------------------------------------
Tests run: 11, Failures: 5, Errors: 0, Skipped: 0, Time elapsed: 8.693 s <<< FAILURE! -- in com.inicio.back_end.controller.UsuarioControllerTest
com.inicio.back_end.controller.UsuarioControllerTest.deveAceitarApenasPostParaRegistro -- Time elapsed: 0.020 s <<< FAILURE!
java.lang.AssertionError: Status expected:<405> but was:<403>
	at org.springframework.test.util.AssertionErrors.fail(AssertionErrors.java:61)
	at org.springframework.test.util.AssertionErrors.assertEquals(AssertionErrors.java:128)
	at org.springframework.test.web.servlet.result.StatusResultMatchers.lambda$matcher$9(StatusResultMatchers.java:640)
	at org.springframework.test.web.servlet.MockMvc$1.andExpect(MockMvc.java:214)
	at com.inicio.back_end.controller.UsuarioControllerTest.deveAceitarApenasPostParaRegistro(UsuarioControllerTest.java:167)
	at java.base/java.lang.reflect.Method.invoke(Method.java:580)
	at java.base/java.util.ArrayList.forEach(ArrayList.java:1597)
	at java.base/java.util.ArrayList.forEach(ArrayList.java:1597)

com.inicio.back_end.controller.UsuarioControllerTest.deveAceitarApenasGetParaMe -- Time elapsed: 0.008 s <<< FAILURE!
java.lang.AssertionError: Status expected:<405> but was:<403>
	at org.springframework.test.util.AssertionErrors.fail(AssertionErrors.java:61)
	at org.springframework.test.util.AssertionErrors.assertEquals(AssertionErrors.java:128)
	at org.springframework.test.web.servlet.result.StatusResultMatchers.lambda$matcher$9(StatusResultMatchers.java:640)
	at org.springframework.test.web.servlet.MockMvc$1.andExpect(MockMvc.java:214)
	at com.inicio.back_end.controller.UsuarioControllerTest.deveAceitarApenasGetParaMe(UsuarioControllerTest.java:174)
	at java.base/java.lang.reflect.Method.invoke(Method.java:580)
	at java.base/java.util.ArrayList.forEach(ArrayList.java:1597)
	at java.base/java.util.ArrayList.forEach(ArrayList.java:1597)

com.inicio.back_end.controller.UsuarioControllerTest.deveRetornarDadosDoUsuarioAutenticado -- Time elapsed: 0.013 s <<< FAILURE!
java.lang.AssertionError: Status expected:<200> but was:<500>
	at org.springframework.test.util.AssertionErrors.fail(AssertionErrors.java:61)
	at org.springframework.test.util.AssertionErrors.assertEquals(AssertionErrors.java:128)
	at org.springframework.test.web.servlet.result.StatusResultMatchers.lambda$matcher$9(StatusResultMatchers.java:640)
	at org.springframework.test.web.servlet.MockMvc$1.andExpect(MockMvc.java:214)
	at com.inicio.back_end.controller.UsuarioControllerTest.deveRetornarDadosDoUsuarioAutenticado(UsuarioControllerTest.java:115)
	at java.base/java.lang.reflect.Method.invoke(Method.java:580)
	at java.base/java.util.ArrayList.forEach(ArrayList.java:1597)
	at java.base/java.util.ArrayList.forEach(ArrayList.java:1597)

com.inicio.back_end.controller.UsuarioControllerTest.devePermitirAdminAcessarDados -- Time elapsed: 0.010 s <<< FAILURE!
java.lang.AssertionError: Status expected:<200> but was:<500>
	at org.springframework.test.util.AssertionErrors.fail(AssertionErrors.java:61)
	at org.springframework.test.util.AssertionErrors.assertEquals(AssertionErrors.java:128)
	at org.springframework.test.web.servlet.result.StatusResultMatchers.lambda$matcher$9(StatusResultMatchers.java:640)
	at org.springframework.test.web.servlet.MockMvc$1.andExpect(MockMvc.java:214)
	at com.inicio.back_end.controller.UsuarioControllerTest.devePermitirAdminAcessarDados(UsuarioControllerTest.java:205)
	at java.base/java.lang.reflect.Method.invoke(Method.java:580)
	at java.base/java.util.ArrayList.forEach(ArrayList.java:1597)
	at java.base/java.util.ArrayList.forEach(ArrayList.java:1597)

com.inicio.back_end.controller.UsuarioControllerTest.deveRetornarErroQuandoUsuarioNaoAutenticado -- Time elapsed: 0.012 s <<< FAILURE!
java.lang.AssertionError: Status expected:<401> but was:<403>
	at org.springframework.test.util.AssertionErrors.fail(AssertionErrors.java:61)
	at org.springframework.test.util.AssertionErrors.assertEquals(AssertionErrors.java:128)
	at org.springframework.test.web.servlet.result.StatusResultMatchers.lambda$matcher$9(StatusResultMatchers.java:640)
	at org.springframework.test.web.servlet.MockMvc$1.andExpect(MockMvc.java:214)
	at com.inicio.back_end.controller.UsuarioControllerTest.deveRetornarErroQuandoUsuarioNaoAutenticado(UsuarioControllerTest.java:127)
	at java.base/java.lang.reflect.Method.invoke(Method.java:580)
	at java.base/java.util.ArrayList.forEach(ArrayList.java:1597)
	at java.base/java.util.ArrayList.forEach(ArrayList.java:1597)

