<?xml version="1.0" encoding="UTF-8"?>
<testsuite xmlns:xsi="http://www.w3.org/2001/XMLSchema-instance" xsi:noNamespaceSchemaLocation="https://maven.apache.org/surefire/maven-surefire-plugin/xsd/surefire-test-report.xsd" version="3.0.2" name="com.inicio.back_end.controller.UsuarioControllerTest" time="8.693" tests="11" errors="0" skipped="0" failures="5">
  <properties>
[...]
</properties>
  <testcase name="deveRetornarErroParaJsonInvalido" classname="com.inicio.back_end.controller.UsuarioControllerTest" time="0.152">
    <system-out><![CDATA[09:58:28.623 [main] INFO org.springframework.test.context.support.AnnotationConfigContextLoaderUtils -- Could not detect default configuration classes for test class [com.inicio.back_end.controller.UsuarioControllerTest]: UsuarioControllerTest does not declare any static, non-private, non-final, nested classes annotated with @Configuration.
09:58:28.737 [main] INFO org.springframework.boot.test.context.SpringBootTestContextBootstrapper -- Found @SpringBootConfiguration com.inicio.back_end.BackEndApplication for test class com.inicio.back_end.controller.UsuarioControllerTest

  .   ____          _            __ _ _
 /\\ / ___'_ __ _ _(_)_ __  __ _ \ \ \ \
( ( )\___ | '_ | '_| | '_ \/ _` | \ \ \ \
 \\/  ___)| |_)| | | | | || (_| |  ) ) ) )
  '  |____| .__|_| |_|_| |_\__, | / / / /
 =========|_|==============|___/=/_/_/_/

 :: Spring Boot ::                (v3.4.3)

2026-03-31T09:58:29.159-03:00  INFO 25160 --- [back-end] [           main] c.i.b.controller.UsuarioControllerTest   : Starting UsuarioControllerTest using Java 22 with PID 25160 (started by vinicius_lopes150 in C:\Users\vinicius_lopes150\Desktop\sistema-de-barbearia\API-PROJETO_BARBEARIA)
2026-03-31T09:58:29.160-03:00 DEBUG 25160 --- [back-end] [           main] c.i.b.controller.UsuarioControllerTest   : Running with Spring Boot v3.4.3, Spring v6.2.3
2026-03-31T09:58:29.161-03:00  INFO 25160 --- [back-end] [           main] c.i.b.controller.UsuarioControllerTest   : No active profile set, falling back to 1 default profile: "default"
2026-03-31T09:58:30.106-03:00  INFO 25160 --- [back-end] [           main] .s.d.r.c.RepositoryConfigurationDelegate : Bootstrapping Spring Data JPA repositories in DEFAULT mode.
2026-03-31T09:58:30.187-03:00  INFO 25160 --- [back-end] [           main] .s.d.r.c.RepositoryConfigurationDelegate : Finished Spring Data repository scanning in 69 ms. Found 6 JPA repository interfaces.
2026-03-31T09:58:31.925-03:00  INFO 25160 --- [back-end] [           main] o.hibernate.jpa.internal.util.LogHelper  : HHH000204: Processing PersistenceUnitInfo [name: default]
2026-03-31T09:58:32.123-03:00  INFO 25160 --- [back-end] [           main] org.hibernate.Version                    : HHH000412: Hibernate ORM core version 6.6.8.Final
2026-03-31T09:58:32.185-03:00  INFO 25160 --- [back-end] [           main] o.h.c.internal.RegionFactoryInitiator    : HHH000026: Second-level cache disabled
2026-03-31T09:58:32.387-03:00  INFO 25160 --- [back-end] [           main] o.s.o.j.p.SpringPersistenceUnitInfo      : No LoadTimeWeaver setup: ignoring JPA class transformer
2026-03-31T09:58:32.459-03:00  INFO 25160 --- [back-end] [           main] com.zaxxer.hikari.HikariDataSource       : HikariPool-1 - Starting...
2026-03-31T09:58:32.686-03:00  INFO 25160 --- [back-end] [           main] com.zaxxer.hikari.pool.HikariPool        : HikariPool-1 - Added connection conn0: url=jdbc:h2:mem:testdb user=SA
2026-03-31T09:58:32.689-03:00  INFO 25160 --- [back-end] [           main] com.zaxxer.hikari.HikariDataSource       : HikariPool-1 - Start completed.
2026-03-31T09:58:32.722-03:00  WARN 25160 --- [back-end] [           main] org.hibernate.orm.deprecation            : HHH90000025: H2Dialect does not need to be specified explicitly using 'hibernate.dialect' (remove the property setting and it will be selected by default)
2026-03-31T09:58:32.760-03:00  INFO 25160 --- [back-end] [           main] org.hibernate.orm.connections.pooling    : HHH10001005: Database info:
	Database JDBC URL [Connecting through datasource 'HikariDataSource (HikariPool-1)']
	Database driver: undefined/unknown
	Database version: 2.3.232
	Autocommit mode: undefined/unknown
	Isolation level: undefined/unknown
	Minimum pool size: undefined/unknown
	Maximum pool size: undefined/unknown
2026-03-31T09:58:33.740-03:00  INFO 25160 --- [back-end] [           main] o.h.e.t.j.p.i.JtaPlatformInitiator       : HHH000489: No JTA platform available (set 'hibernate.transaction.jta.platform' to enable JTA platform integration)
2026-03-31T09:58:33.798-03:00  INFO 25160 --- [back-end] [           main] j.LocalContainerEntityManagerFactoryBean : Initialized JPA EntityManagerFactory for persistence unit 'default'
2026-03-31T09:58:34.396-03:00  INFO 25160 --- [back-end] [           main] r$InitializeUserDetailsManagerConfigurer : Global AuthenticationManager configured with UserDetailsService bean with name serviceAutenticacao
2026-03-31T09:58:34.558-03:00  INFO 25160 --- [back-end] [           main] o.s.d.j.r.query.QueryEnhancerFactory     : Hibernate is in classpath; If applicable, HQL parser will be used.
2026-03-31T09:58:36.065-03:00 DEBUG 25160 --- [back-end] [           main] o.s.s.web.DefaultSecurityFilterChain     : Will secure any request with filters: DisableEncodeUrlFilter, WebAsyncManagerIntegrationFilter, SecurityContextHolderFilter, HeaderWriterFilter, CorsFilter, LogoutFilter, JwtAuthenticationFilter, RequestCacheAwareFilter, SecurityContextHolderAwareRequestFilter, AnonymousAuthenticationFilter, SessionManagementFilter, ExceptionTranslationFilter, AuthorizationFilter
2026-03-31T09:58:36.686-03:00  INFO 25160 --- [back-end] [           main] c.i.b.controller.UsuarioControllerTest   : Started UsuarioControllerTest in 7.803 seconds (process running for 8.672)
2026-03-31T09:58:36.746-03:00  INFO 25160 --- [back-end] [           main] o.s.b.t.m.w.SpringBootMockServletContext : Initializing Spring TestDispatcherServlet ''
2026-03-31T09:58:36.747-03:00  INFO 25160 --- [back-end] [           main] o.s.t.web.servlet.TestDispatcherServlet  : Initializing Servlet ''
2026-03-31T09:58:36.749-03:00  INFO 25160 --- [back-end] [           main] o.s.t.web.servlet.TestDispatcherServlet  : Completed initialization in 2 ms
2026-03-31T09:58:36.771-03:00 DEBUG 25160 --- [back-end] [           main] o.s.security.web.FilterChainProxy        : Securing POST /usuarios/registrar
2026-03-31T09:58:36.778-03:00 DEBUG 25160 --- [back-end] [           main] o.s.s.w.a.AnonymousAuthenticationFilter  : Set SecurityContextHolder to anonymous SecurityContext
2026-03-31T09:58:36.779-03:00 DEBUG 25160 --- [back-end] [           main] o.s.security.web.FilterChainProxy        : Secured POST /usuarios/registrar
2026-03-31T09:58:36.840-03:00  WARN 25160 --- [back-end] [           main] .w.s.m.s.DefaultHandlerExceptionResolver : Resolved [org.springframework.http.converter.HttpMessageNotReadableException: JSON parse error: Unrecognized token 'json_invalido': was expecting (JSON String, Number, Array, Object or token 'null', 'true' or 'false')]
]]></system-out>
    <system-err><![CDATA[Mockito is currently self-attaching to enable the inline-mock-maker. This will no longer work in future releases of the JDK. Please add Mockito as an agent to your build what is described in Mockito's documentation: https://javadoc.io/doc/org.mockito/mockito-core/latest/org/mockito/Mockito.html#0.3
]]></system-err>
  </testcase>
  <testcase name="deveRegistrarUsuarioComSucesso" classname="com.inicio.back_end.controller.UsuarioControllerTest" time="0.17">
    <system-out><![CDATA[2026-03-31T09:58:36.861-03:00  INFO 25160 --- [back-end] [           main] o.s.b.t.m.w.SpringBootMockServletContext : Initializing Spring TestDispatcherServlet ''
2026-03-31T09:58:36.863-03:00  INFO 25160 --- [back-end] [           main] o.s.t.web.servlet.TestDispatcherServlet  : Initializing Servlet ''
2026-03-31T09:58:36.865-03:00  INFO 25160 --- [back-end] [           main] o.s.t.web.servlet.TestDispatcherServlet  : Completed initialization in 2 ms
2026-03-31T09:58:36.911-03:00 DEBUG 25160 --- [back-end] [           main] o.s.security.web.FilterChainProxy        : Securing POST /usuarios/registrar
2026-03-31T09:58:36.911-03:00 DEBUG 25160 --- [back-end] [           main] o.s.s.w.a.AnonymousAuthenticationFilter  : Set SecurityContextHolder to anonymous SecurityContext
2026-03-31T09:58:36.911-03:00 DEBUG 25160 --- [back-end] [           main] o.s.security.web.FilterChainProxy        : Secured POST /usuarios/registrar
]]></system-out>
  </testcase>
  <testcase name="deveRetornarErroQuandoUsuarioJaExiste" classname="com.inicio.back_end.controller.UsuarioControllerTest" time="0.009">
    <system-out><![CDATA[2026-03-31T09:58:37.030-03:00  INFO 25160 --- [back-end] [           main] o.s.b.t.m.w.SpringBootMockServletContext : Initializing Spring TestDispatcherServlet ''
2026-03-31T09:58:37.030-03:00  INFO 25160 --- [back-end] [           main] o.s.t.web.servlet.TestDispatcherServlet  : Initializing Servlet ''
2026-03-31T09:58:37.031-03:00  INFO 25160 --- [back-end] [           main] o.s.t.web.servlet.TestDispatcherServlet  : Completed initialization in 0 ms
2026-03-31T09:58:37.033-03:00 DEBUG 25160 --- [back-end] [           main] o.s.security.web.FilterChainProxy        : Securing POST /usuarios/registrar
2026-03-31T09:58:37.033-03:00 DEBUG 25160 --- [back-end] [           main] o.s.s.w.a.AnonymousAuthenticationFilter  : Set SecurityContextHolder to anonymous SecurityContext
2026-03-31T09:58:37.033-03:00 DEBUG 25160 --- [back-end] [           main] o.s.security.web.FilterChainProxy        : Secured POST /usuarios/registrar
]]></system-out>
  </testcase>
  <testcase name="deveRetornarErroParaDadosInvalidosNoRegistro" classname="com.inicio.back_end.controller.UsuarioControllerTest" time="0.009">
    <system-out><![CDATA[2026-03-31T09:58:37.041-03:00  INFO 25160 --- [back-end] [           main] o.s.b.t.m.w.SpringBootMockServletContext : Initializing Spring TestDispatcherServlet ''
2026-03-31T09:58:37.041-03:00  INFO 25160 --- [back-end] [           main] o.s.t.web.servlet.TestDispatcherServlet  : Initializing Servlet ''
2026-03-31T09:58:37.041-03:00  INFO 25160 --- [back-end] [           main] o.s.t.web.servlet.TestDispatcherServlet  : Completed initialization in 0 ms
2026-03-31T09:58:37.042-03:00 DEBUG 25160 --- [back-end] [           main] o.s.security.web.FilterChainProxy        : Securing POST /usuarios/registrar
2026-03-31T09:58:37.042-03:00 DEBUG 25160 --- [back-end] [           main] o.s.s.w.a.AnonymousAuthenticationFilter  : Set SecurityContextHolder to anonymous SecurityContext
2026-03-31T09:58:37.043-03:00 DEBUG 25160 --- [back-end] [           main] o.s.security.web.FilterChainProxy        : Secured POST /usuarios/registrar
]]></system-out>
  </testcase>
  <testcase name="deveAceitarApenasPostParaRegistro" classname="com.inicio.back_end.controller.UsuarioControllerTest" time="0.02">
    <failure message="Status expected:&lt;405&gt; but was:&lt;403&gt;" type="java.lang.AssertionError"><![CDATA[java.lang.AssertionError: Status expected:<405> but was:<403>
	at org.springframework.test.util.AssertionErrors.fail(AssertionErrors.java:61)
	at org.springframework.test.util.AssertionErrors.assertEquals(AssertionErrors.java:128)
	at org.springframework.test.web.servlet.result.StatusResultMatchers.lambda$matcher$9(StatusResultMatchers.java:640)
	at org.springframework.test.web.servlet.MockMvc$1.andExpect(MockMvc.java:214)
	at com.inicio.back_end.controller.UsuarioControllerTest.deveAceitarApenasPostParaRegistro(UsuarioControllerTest.java:167)
	at java.base/java.lang.reflect.Method.invoke(Method.java:580)
	at java.base/java.util.ArrayList.forEach(ArrayList.java:1597)
	at java.base/java.util.ArrayList.forEach(ArrayList.java:1597)
]]></failure>
    <system-out><![CDATA[2026-03-31T09:58:37.051-03:00  INFO 25160 --- [back-end] [           main] o.s.b.t.m.w.SpringBootMockServletContext : Initializing Spring TestDispatcherServlet ''
2026-03-31T09:58:37.051-03:00  INFO 25160 --- [back-end] [           main] o.s.t.web.servlet.TestDispatcherServlet  : Initializing Servlet ''
2026-03-31T09:58:37.051-03:00  INFO 25160 --- [back-end] [           main] o.s.t.web.servlet.TestDispatcherServlet  : Completed initialization in 0 ms
2026-03-31T09:58:37.058-03:00 DEBUG 25160 --- [back-end] [           main] o.s.security.web.FilterChainProxy        : Securing GET /usuarios/registrar
2026-03-31T09:58:37.059-03:00 DEBUG 25160 --- [back-end] [           main] o.s.s.w.a.AnonymousAuthenticationFilter  : Set SecurityContextHolder to anonymous SecurityContext
2026-03-31T09:58:37.060-03:00 DEBUG 25160 --- [back-end] [           main] o.s.s.w.a.Http403ForbiddenEntryPoint     : Pre-authenticated entry point called. Rejecting access
]]></system-out>
  </testcase>
  <testcase name="deveAceitarApenasGetParaMe" classname="com.inicio.back_end.controller.UsuarioControllerTest" time="0.008">
    <failure message="Status expected:&lt;405&gt; but was:&lt;403&gt;" type="java.lang.AssertionError"><![CDATA[java.lang.AssertionError: Status expected:<405> but was:<403>
	at org.springframework.test.util.AssertionErrors.fail(AssertionErrors.java:61)
	at org.springframework.test.util.AssertionErrors.assertEquals(AssertionErrors.java:128)
	at org.springframework.test.web.servlet.result.StatusResultMatchers.lambda$matcher$9(StatusResultMatchers.java:640)
	at org.springframework.test.web.servlet.MockMvc$1.andExpect(MockMvc.java:214)
	at com.inicio.back_end.controller.UsuarioControllerTest.deveAceitarApenasGetParaMe(UsuarioControllerTest.java:174)
	at java.base/java.lang.reflect.Method.invoke(Method.java:580)
	at java.base/java.util.ArrayList.forEach(ArrayList.java:1597)
	at java.base/java.util.ArrayList.forEach(ArrayList.java:1597)
]]></failure>
    <system-out><![CDATA[2026-03-31T09:58:37.073-03:00  INFO 25160 --- [back-end] [           main] o.s.b.t.m.w.SpringBootMockServletContext : Initializing Spring TestDispatcherServlet ''
2026-03-31T09:58:37.073-03:00  INFO 25160 --- [back-end] [           main] o.s.t.web.servlet.TestDispatcherServlet  : Initializing Servlet ''
2026-03-31T09:58:37.074-03:00  INFO 25160 --- [back-end] [           main] o.s.t.web.servlet.TestDispatcherServlet  : Completed initialization in 1 ms
2026-03-31T09:58:37.075-03:00 DEBUG 25160 --- [back-end] [           main] o.s.security.web.FilterChainProxy        : Securing POST /usuarios/me
2026-03-31T09:58:37.076-03:00 DEBUG 25160 --- [back-end] [           main] o.s.s.w.a.AnonymousAuthenticationFilter  : Set SecurityContextHolder to anonymous SecurityContext
2026-03-31T09:58:37.076-03:00 DEBUG 25160 --- [back-end] [           main] o.s.s.w.a.Http403ForbiddenEntryPoint     : Pre-authenticated entry point called. Rejecting access
]]></system-out>
  </testcase>
  <testcase name="deveRetornarDadosDoUsuarioAutenticado" classname="com.inicio.back_end.controller.UsuarioControllerTest" time="0.013">
    <failure message="Status expected:&lt;200&gt; but was:&lt;500&gt;" type="java.lang.AssertionError"><![CDATA[java.lang.AssertionError: Status expected:<200> but was:<500>
	at org.springframework.test.util.AssertionErrors.fail(AssertionErrors.java:61)
	at org.springframework.test.util.AssertionErrors.assertEquals(AssertionErrors.java:128)
	at org.springframework.test.web.servlet.result.StatusResultMatchers.lambda$matcher$9(StatusResultMatchers.java:640)
	at org.springframework.test.web.servlet.MockMvc$1.andExpect(MockMvc.java:214)
	at com.inicio.back_end.controller.UsuarioControllerTest.deveRetornarDadosDoUsuarioAutenticado(UsuarioControllerTest.java:115)
	at java.base/java.lang.reflect.Method.invoke(Method.java:580)
	at java.base/java.util.ArrayList.forEach(ArrayList.java:1597)
	at java.base/java.util.ArrayList.forEach(ArrayList.java:1597)
]]></failure>
    <system-out><![CDATA[2026-03-31T09:58:37.084-03:00  INFO 25160 --- [back-end] [           main] o.s.b.t.m.w.SpringBootMockServletContext : Initializing Spring TestDispatcherServlet ''
2026-03-31T09:58:37.084-03:00  INFO 25160 --- [back-end] [           main] o.s.t.web.servlet.TestDispatcherServlet  : Initializing Servlet ''
2026-03-31T09:58:37.085-03:00  INFO 25160 --- [back-end] [           main] o.s.t.web.servlet.TestDispatcherServlet  : Completed initialization in 1 ms
2026-03-31T09:58:37.088-03:00 DEBUG 25160 --- [back-end] [           main] o.s.security.web.FilterChainProxy        : Securing GET /usuarios/me
2026-03-31T09:58:37.089-03:00 DEBUG 25160 --- [back-end] [           main] o.s.security.web.FilterChainProxy        : Secured GET /usuarios/me
]]></system-out>
  </testcase>
  <testcase name="deveValidarCamposObrigatoriosNoRegistro" classname="com.inicio.back_end.controller.UsuarioControllerTest" time="0.02">
    <system-out><![CDATA[2026-03-31T09:58:37.095-03:00  INFO 25160 --- [back-end] [           main] o.s.b.t.m.w.SpringBootMockServletContext : Initializing Spring TestDispatcherServlet ''
2026-03-31T09:58:37.095-03:00  INFO 25160 --- [back-end] [           main] o.s.t.web.servlet.TestDispatcherServlet  : Initializing Servlet ''
2026-03-31T09:58:37.096-03:00  INFO 25160 --- [back-end] [           main] o.s.t.web.servlet.TestDispatcherServlet  : Completed initialization in 1 ms
2026-03-31T09:58:37.096-03:00 DEBUG 25160 --- [back-end] [           main] o.s.security.web.FilterChainProxy        : Securing POST /usuarios/registrar
2026-03-31T09:58:37.097-03:00 DEBUG 25160 --- [back-end] [           main] o.s.s.w.a.AnonymousAuthenticationFilter  : Set SecurityContextHolder to anonymous SecurityContext
2026-03-31T09:58:37.097-03:00 DEBUG 25160 --- [back-end] [           main] o.s.security.web.FilterChainProxy        : Secured POST /usuarios/registrar
2026-03-31T09:58:37.110-03:00  WARN 25160 --- [back-end] [           main] .w.s.m.s.DefaultHandlerExceptionResolver : Resolved [org.springframework.web.bind.MethodArgumentNotValidException: Validation failed for argument [0] in public org.springframework.http.ResponseEntity<?> com.inicio.back_end.controller.ControllerUsuario.registrarUsuario(com.inicio.back_end.dto.DTOUsuario): [Field error in object 'DTOUsuario' on field 'login': rejected value [null]; codes [NotNull.DTOUsuario.login,NotNull.login,NotNull.java.lang.String,NotNull]; arguments [org.springframework.context.support.DefaultMessageSourceResolvable: codes [DTOUsuario.login,login]; arguments []; default message [login]]; default message [must not be null]] ]
]]></system-out>
  </testcase>
  <testcase name="devePermitirAdminAcessarDados" classname="com.inicio.back_end.controller.UsuarioControllerTest" time="0.01">
    <failure message="Status expected:&lt;200&gt; but was:&lt;500&gt;" type="java.lang.AssertionError"><![CDATA[java.lang.AssertionError: Status expected:<200> but was:<500>
	at org.springframework.test.util.AssertionErrors.fail(AssertionErrors.java:61)
	at org.springframework.test.util.AssertionErrors.assertEquals(AssertionErrors.java:128)
	at org.springframework.test.web.servlet.result.StatusResultMatchers.lambda$matcher$9(StatusResultMatchers.java:640)
	at org.springframework.test.web.servlet.MockMvc$1.andExpect(MockMvc.java:214)
	at com.inicio.back_end.controller.UsuarioControllerTest.devePermitirAdminAcessarDados(UsuarioControllerTest.java:205)
	at java.base/java.lang.reflect.Method.invoke(Method.java:580)
	at java.base/java.util.ArrayList.forEach(ArrayList.java:1597)
	at java.base/java.util.ArrayList.forEach(ArrayList.java:1597)
]]></failure>
    <system-out><![CDATA[2026-03-31T09:58:37.120-03:00  INFO 25160 --- [back-end] [           main] o.s.b.t.m.w.SpringBootMockServletContext : Initializing Spring TestDispatcherServlet ''
2026-03-31T09:58:37.120-03:00  INFO 25160 --- [back-end] [           main] o.s.t.web.servlet.TestDispatcherServlet  : Initializing Servlet ''
2026-03-31T09:58:37.121-03:00  INFO 25160 --- [back-end] [           main] o.s.t.web.servlet.TestDispatcherServlet  : Completed initialization in 1 ms
2026-03-31T09:58:37.122-03:00 DEBUG 25160 --- [back-end] [           main] o.s.security.web.FilterChainProxy        : Securing GET /usuarios/me
2026-03-31T09:58:37.123-03:00 DEBUG 25160 --- [back-end] [           main] o.s.security.web.FilterChainProxy        : Secured GET /usuarios/me
]]></system-out>
  </testcase>
  <testcase name="deveRetornarErroQuandoUsuarioNaoAutenticado" classname="com.inicio.back_end.controller.UsuarioControllerTest" time="0.012">
    <failure message="Status expected:&lt;401&gt; but was:&lt;403&gt;" type="java.lang.AssertionError"><![CDATA[java.lang.AssertionError: Status expected:<401> but was:<403>
	at org.springframework.test.util.AssertionErrors.fail(AssertionErrors.java:61)
	at org.springframework.test.util.AssertionErrors.assertEquals(AssertionErrors.java:128)
	at org.springframework.test.web.servlet.result.StatusResultMatchers.lambda$matcher$9(StatusResultMatchers.java:640)
	at org.springframework.test.web.servlet.MockMvc$1.andExpect(MockMvc.java:214)
	at com.inicio.back_end.controller.UsuarioControllerTest.deveRetornarErroQuandoUsuarioNaoAutenticado(UsuarioControllerTest.java:127)
	at java.base/java.lang.reflect.Method.invoke(Method.java:580)
	at java.base/java.util.ArrayList.forEach(ArrayList.java:1597)
	at java.base/java.util.ArrayList.forEach(ArrayList.java:1597)
]]></failure>
    <system-out><![CDATA[2026-03-31T09:58:37.128-03:00  INFO 25160 --- [back-end] [           main] o.s.b.t.m.w.SpringBootMockServletContext : Initializing Spring TestDispatcherServlet ''
2026-03-31T09:58:37.128-03:00  INFO 25160 --- [back-end] [           main] o.s.t.web.servlet.TestDispatcherServlet  : Initializing Servlet ''
2026-03-31T09:58:37.129-03:00  INFO 25160 --- [back-end] [           main] o.s.t.web.servlet.TestDispatcherServlet  : Completed initialization in 0 ms
2026-03-31T09:58:37.130-03:00 DEBUG 25160 --- [back-end] [           main] o.s.security.web.FilterChainProxy        : Securing GET /usuarios/me
2026-03-31T09:58:37.130-03:00 DEBUG 25160 --- [back-end] [           main] o.s.s.w.a.AnonymousAuthenticationFilter  : Set SecurityContextHolder to anonymous SecurityContext
2026-03-31T09:58:37.130-03:00 DEBUG 25160 --- [back-end] [           main] o.s.s.w.a.Http403ForbiddenEntryPoint     : Pre-authenticated entry point called. Rejecting access
]]></system-out>
  </testcase>
  <testcase name="deveRetornarErroQuandoServicoFalha" classname="com.inicio.back_end.controller.UsuarioControllerTest" time="0.014">
    <system-out><![CDATA[2026-03-31T09:58:37.144-03:00  INFO 25160 --- [back-end] [           main] o.s.b.t.m.w.SpringBootMockServletContext : Initializing Spring TestDispatcherServlet ''
2026-03-31T09:58:37.145-03:00  INFO 25160 --- [back-end] [           main] o.s.t.web.servlet.TestDispatcherServlet  : Initializing Servlet ''
2026-03-31T09:58:37.145-03:00  INFO 25160 --- [back-end] [           main] o.s.t.web.servlet.TestDispatcherServlet  : Completed initialization in 0 ms
2026-03-31T09:58:37.148-03:00 DEBUG 25160 --- [back-end] [           main] o.s.security.web.FilterChainProxy        : Securing GET /usuarios/me
2026-03-31T09:58:37.148-03:00 DEBUG 25160 --- [back-end] [           main] o.s.security.web.FilterChainProxy        : Secured GET /usuarios/me
]]></system-out>
  </testcase>
</testsuite>